Connecting to database specified by database.yml
Connecting to database specified by database.yml
Compiled active_admin.js  (0ms)  (pid 4582)
Compiled jquery.js  (1ms)  (pid 4582)
Compiled jquery.ui.core.js  (0ms)  (pid 4582)
Compiled jquery.ui.widget.js  (0ms)  (pid 4582)
Compiled jquery.ui.accordion.js  (8ms)  (pid 4582)
Compiled jquery.ui.position.js  (0ms)  (pid 4582)
Compiled jquery.ui.menu.js  (7ms)  (pid 4582)
Compiled jquery.ui.autocomplete.js  (15ms)  (pid 4582)
Compiled jquery.ui.button.js  (3ms)  (pid 4582)
Compiled jquery.ui.datepicker.js  (2ms)  (pid 4582)
Compiled jquery.ui.mouse.js  (3ms)  (pid 4582)
Compiled jquery.ui.draggable.js  (10ms)  (pid 4582)
Compiled jquery.ui.resizable.js  (33ms)  (pid 4582)
Compiled jquery.ui.dialog.js  (59ms)  (pid 4582)
Compiled jquery.ui.droppable.js  (6ms)  (pid 4582)
Compiled jquery.ui.effect.js  (0ms)  (pid 4582)
Compiled jquery.ui.effect-blind.js  (14ms)  (pid 4582)
Compiled jquery.ui.effect-bounce.js  (1ms)  (pid 4582)
Compiled jquery.ui.effect-clip.js  (1ms)  (pid 4582)
Compiled jquery.ui.effect-drop.js  (1ms)  (pid 4582)
Compiled jquery.ui.effect-explode.js  (1ms)  (pid 4582)
Compiled jquery.ui.effect-fade.js  (1ms)  (pid 4582)
Compiled jquery.ui.effect-fold.js  (1ms)  (pid 4582)
Compiled jquery.ui.effect-highlight.js  (1ms)  (pid 4582)
Compiled jquery.ui.effect-pulsate.js  (1ms)  (pid 4582)
Compiled jquery.ui.effect-scale.js  (1ms)  (pid 4582)
Compiled jquery.ui.effect-shake.js  (1ms)  (pid 4582)
Compiled jquery.ui.effect-slide.js  (28ms)  (pid 4582)
Compiled jquery.ui.effect-transfer.js  (1ms)  (pid 4582)
Compiled jquery.ui.progressbar.js  (3ms)  (pid 4582)
Compiled jquery.ui.selectable.js  (4ms)  (pid 4582)
Compiled jquery.ui.slider.js  (4ms)  (pid 4582)
Compiled jquery.ui.sortable.js  (4ms)  (pid 4582)
Compiled jquery.ui.spinner.js  (4ms)  (pid 4582)
Compiled jquery.ui.tabs.js  (3ms)  (pid 4582)
Compiled jquery.ui.tooltip.js  (4ms)  (pid 4582)
Compiled jquery.ui.all.js  (335ms)  (pid 4582)
Compiled jquery_ujs.js  (0ms)  (pid 4582)
Compiled twitter/bootstrap/bootstrap-transition.js  (0ms)  (pid 4582)
Compiled twitter/bootstrap/bootstrap-alert.js  (0ms)  (pid 4582)
Compiled twitter/bootstrap/bootstrap-modal.js  (0ms)  (pid 4582)
Compiled twitter/bootstrap/bootstrap-dropdown.js  (0ms)  (pid 4582)
Compiled twitter/bootstrap/bootstrap-scrollspy.js  (0ms)  (pid 4582)
Compiled twitter/bootstrap/bootstrap-tab.js  (0ms)  (pid 4582)
Compiled twitter/bootstrap/bootstrap-tooltip.js  (0ms)  (pid 4582)
Compiled twitter/bootstrap/bootstrap-popover.js  (0ms)  (pid 4582)
Compiled twitter/bootstrap/bootstrap-button.js  (0ms)  (pid 4582)
Compiled twitter/bootstrap/bootstrap-collapse.js  (0ms)  (pid 4582)
Compiled twitter/bootstrap/bootstrap-carousel.js  (0ms)  (pid 4582)
Compiled twitter/bootstrap/bootstrap-typeahead.js  (0ms)  (pid 4582)
Compiled twitter/bootstrap/bootstrap-affix.js  (0ms)  (pid 4582)
Compiled twitter/bootstrap.js  (79ms)  (pid 4582)
Compiled about.js  (0ms)  (pid 4582)
Compiled advertisements.js  (56ms)  (pid 4582)
Compiled bootstrap.js  (0ms)  (pid 4582)
Compiled bootstrap.js  (3ms)  (pid 4582)
Compiled events.js  (0ms)  (pid 4582)
Compiled family_members.js  (0ms)  (pid 4582)
Compiled feedbacks.js  (0ms)  (pid 4582)
Compiled jquery.gridster.js  (1ms)  (pid 4582)
Compiled js-image-slider.js  (0ms)  (pid 4582)
Compiled registration.js  (0ms)  (pid 4582)
Compiled relations.js  (0ms)  (pid 4582)
Compiled site.js  (0ms)  (pid 4582)
Compiled application.js  (591ms)  (pid 4582)
Compiled active_admin.css  (1570ms)  (pid 4582)
Compiled about.css  (0ms)  (pid 4582)
Compiled advertisements.css  (1ms)  (pid 4582)
Compiled bootstrap_and_overrides.css  (651ms)  (pid 4582)
Compiled events.css  (0ms)  (pid 4582)
Compiled family_members.css  (0ms)  (pid 4582)
Compiled feedbacks.css  (0ms)  (pid 4582)
Compiled jquery.gridster.css  (0ms)  (pid 4582)
Compiled jquery.gridster.min.css  (0ms)  (pid 4582)
Compiled js-image-slider.css  (0ms)  (pid 4582)
Compiled relations.css  (0ms)  (pid 4582)
Compiled scaffolds.css  (7ms)  (pid 4582)
Compiled site.css  (0ms)  (pid 4582)
Compiled style.css  (0ms)  (pid 4582)
Compiled styles.css  (0ms)  (pid 4582)
Compiled application.css  (732ms)  (pid 4582)
